<?xml version="1.0" encoding="UTF-8"?>
<!-- Generated by org.testng.reporters.JUnitReportReporter -->
<testsuite skipped="0" hostname="ZS-LP-0018" name="org.adactin.MainRun" tests="5" failures="0" timestamp="17 Mar 2021 11:56:46 GMT" time="18.117" errors="0">
  <testcase name="booking_Hotel_in_Adactin" time="1.240" classname="org.adactin.MainRun"/>
  <testcase name="login" time="1.784" classname="org.adactin.MainRun"/>
  <testcase name="getting_order_no" time="10.058" classname="org.adactin.MainRun"/>
  <testcase name="search_Hotel_in_Adactin" time="3.169" classname="org.adactin.MainRun"/>
  <testcase name="select_Hotel_in_Adactin" time="1.866" classname="org.adactin.MainRun"/>
</testsuite> <!-- org.adactin.MainRun -->
