<?xml version="1.0" encoding="UTF-8"?>
<!-- Generated by org.testng.reporters.JUnitReportReporter -->
<testsuite skipped="0" hostname="ZS-LP-0018" name="org.testcases.MainRun" tests="5" failures="0" timestamp="22 Mar 2021 09:29:15 GMT" time="15.540" errors="0">
  <testcase name="getting_order_no" time="10.076" classname="org.testcases.MainRun"/>
  <testcase name="login" time="1.509" classname="org.testcases.MainRun"/>
  <testcase name="search_Hotel_in_Adactin" time="1.836" classname="org.testcases.MainRun"/>
  <testcase name="select_Hotel_in_Adactin" time="1.039" classname="org.testcases.MainRun"/>
  <testcase name="booking_Hotel_in_Adactin" time="1.080" classname="org.testcases.MainRun"/>
</testsuite> <!-- org.testcases.MainRun -->
